Determining if the Q_WS_X11 exist failed with the following output:
Change Dir: /home/cassio/projects/BlogManagement/blogmanagement/build/CMakeFiles/CMakeTmp

Run Build Command:/usr/bin/make "cmTryCompileExec3543090699/fast"
/usr/bin/make -f CMakeFiles/cmTryCompileExec3543090699.dir/build.make CMakeFiles/cmTryCompileExec3543090699.dir/build
make[1]: Entering directory `/home/cassio/projects/BlogManagement/blogmanagement/build/CMakeFiles/CMakeTmp'
/usr/bin/cmake -E cmake_progress_report /home/cassio/projects/BlogManagement/blogmanagement/build/CMakeFiles/CMakeTmp/CMakeFiles 1
Building C object CMakeFiles/cmTryCompileExec3543090699.dir/CheckSymbolExists.c.o
/usr/bin/cc   -I/usr/include/qt5    -o CMakeFiles/cmTryCompileExec3543090699.dir/CheckSymbolExists.c.o   -c /home/cassio/projects/BlogManagement/blogmanagement/build/CMakeFiles/CMakeTmp/CheckSymbolExists.c
/home/cassio/projects/BlogManagement/blogmanagement/build/CMakeFiles/CMakeTmp/CheckSymbolExists.c: In function ‘main’:
/home/cassio/projects/BlogManagement/blogmanagement/build/CMakeFiles/CMakeTmp/CheckSymbolExists.c:8:19: error: ‘Q_WS_X11’ undeclared (first use in this function)
   return ((int*)(&Q_WS_X11))[argc];
                   ^
/home/cassio/projects/BlogManagement/blogmanagement/build/CMakeFiles/CMakeTmp/CheckSymbolExists.c:8:19: note: each undeclared identifier is reported only once for each function it appears in
make[1]: *** [CMakeFiles/cmTryCompileExec3543090699.dir/CheckSymbolExists.c.o] Error 1
make[1]: Leaving directory `/home/cassio/projects/BlogManagement/blogmanagement/build/CMakeFiles/CMakeTmp'
make: *** [cmTryCompileExec3543090699/fast] Error 2

File /home/cassio/projects/BlogManagement/blogmanagement/build/CMakeFiles/CMakeTmp/CheckSymbolExists.c:
/* */
#include <QtCore/qglobal.h>

int main(int argc, char** argv)
{
  (void)argv;
#ifndef Q_WS_X11
  return ((int*)(&Q_WS_X11))[argc];
#else
  (void)argc;
  return 0;
#endif
}

Determining if the Q_WS_WIN exist failed with the following output:
Change Dir: /home/cassio/projects/BlogManagement/blogmanagement/build/CMakeFiles/CMakeTmp

Run Build Command:/usr/bin/make "cmTryCompileExec305551903/fast"
/usr/bin/make -f CMakeFiles/cmTryCompileExec305551903.dir/build.make CMakeFiles/cmTryCompileExec305551903.dir/build
make[1]: Entering directory `/home/cassio/projects/BlogManagement/blogmanagement/build/CMakeFiles/CMakeTmp'
/usr/bin/cmake -E cmake_progress_report /home/cassio/projects/BlogManagement/blogmanagement/build/CMakeFiles/CMakeTmp/CMakeFiles 1
Building C object CMakeFiles/cmTryCompileExec305551903.dir/CheckSymbolExists.c.o
/usr/bin/cc   -I/usr/include/qt5    -o CMakeFiles/cmTryCompileExec305551903.dir/CheckSymbolExists.c.o   -c /home/cassio/projects/BlogManagement/blogmanagement/build/CMakeFiles/CMakeTmp/CheckSymbolExists.c
/home/cassio/projects/BlogManagement/blogmanagement/build/CMakeFiles/CMakeTmp/CheckSymbolExists.c: In function ‘main’:
/home/cassio/projects/BlogManagement/blogmanagement/build/CMakeFiles/CMakeTmp/CheckSymbolExists.c:8:19: error: ‘Q_WS_WIN’ undeclared (first use in this function)
   return ((int*)(&Q_WS_WIN))[argc];
                   ^
/home/cassio/projects/BlogManagement/blogmanagement/build/CMakeFiles/CMakeTmp/CheckSymbolExists.c:8:19: note: each undeclared identifier is reported only once for each function it appears in
make[1]: *** [CMakeFiles/cmTryCompileExec305551903.dir/CheckSymbolExists.c.o] Error 1
make[1]: Leaving directory `/home/cassio/projects/BlogManagement/blogmanagement/build/CMakeFiles/CMakeTmp'
make: *** [cmTryCompileExec305551903/fast] Error 2

File /home/cassio/projects/BlogManagement/blogmanagement/build/CMakeFiles/CMakeTmp/CheckSymbolExists.c:
/* */
#include <QtCore/qglobal.h>

int main(int argc, char** argv)
{
  (void)argv;
#ifndef Q_WS_WIN
  return ((int*)(&Q_WS_WIN))[argc];
#else
  (void)argc;
  return 0;
#endif
}

Determining if the Q_WS_QWS exist failed with the following output:
Change Dir: /home/cassio/projects/BlogManagement/blogmanagement/build/CMakeFiles/CMakeTmp

Run Build Command:/usr/bin/make "cmTryCompileExec1666615606/fast"
/usr/bin/make -f CMakeFiles/cmTryCompileExec1666615606.dir/build.make CMakeFiles/cmTryCompileExec1666615606.dir/build
make[1]: Entering directory `/home/cassio/projects/BlogManagement/blogmanagement/build/CMakeFiles/CMakeTmp'
/usr/bin/cmake -E cmake_progress_report /home/cassio/projects/BlogManagement/blogmanagement/build/CMakeFiles/CMakeTmp/CMakeFiles 1
Building C object CMakeFiles/cmTryCompileExec1666615606.dir/CheckSymbolExists.c.o
/usr/bin/cc   -I/usr/include/qt5    -o CMakeFiles/cmTryCompileExec1666615606.dir/CheckSymbolExists.c.o   -c /home/cassio/projects/BlogManagement/blogmanagement/build/CMakeFiles/CMakeTmp/CheckSymbolExists.c
/home/cassio/projects/BlogManagement/blogmanagement/build/CMakeFiles/CMakeTmp/CheckSymbolExists.c: In function ‘main’:
/home/cassio/projects/BlogManagement/blogmanagement/build/CMakeFiles/CMakeTmp/CheckSymbolExists.c:8:19: error: ‘Q_WS_QWS’ undeclared (first use in this function)
   return ((int*)(&Q_WS_QWS))[argc];
                   ^
/home/cassio/projects/BlogManagement/blogmanagement/build/CMakeFiles/CMakeTmp/CheckSymbolExists.c:8:19: note: each undeclared identifier is reported only once for each function it appears in
make[1]: Leaving directory `/home/cassio/projects/BlogManagement/blogmanagement/build/CMakeFiles/CMakeTmp'
make[1]: *** [CMakeFiles/cmTryCompileExec1666615606.dir/CheckSymbolExists.c.o] Error 1
make: *** [cmTryCompileExec1666615606/fast] Error 2

File /home/cassio/projects/BlogManagement/blogmanagement/build/CMakeFiles/CMakeTmp/CheckSymbolExists.c:
/* */
#include <QtCore/qglobal.h>

int main(int argc, char** argv)
{
  (void)argv;
#ifndef Q_WS_QWS
  return ((int*)(&Q_WS_QWS))[argc];
#else
  (void)argc;
  return 0;
#endif
}

Determining if the Q_WS_MAC exist failed with the following output:
Change Dir: /home/cassio/projects/BlogManagement/blogmanagement/build/CMakeFiles/CMakeTmp

Run Build Command:/usr/bin/make "cmTryCompileExec3926714065/fast"
/usr/bin/make -f CMakeFiles/cmTryCompileExec3926714065.dir/build.make CMakeFiles/cmTryCompileExec3926714065.dir/build
make[1]: Entering directory `/home/cassio/projects/BlogManagement/blogmanagement/build/CMakeFiles/CMakeTmp'
/usr/bin/cmake -E cmake_progress_report /home/cassio/projects/BlogManagement/blogmanagement/build/CMakeFiles/CMakeTmp/CMakeFiles 1
Building C object CMakeFiles/cmTryCompileExec3926714065.dir/CheckSymbolExists.c.o
/usr/bin/cc   -I/usr/include/qt5    -o CMakeFiles/cmTryCompileExec3926714065.dir/CheckSymbolExists.c.o   -c /home/cassio/projects/BlogManagement/blogmanagement/build/CMakeFiles/CMakeTmp/CheckSymbolExists.c
/home/cassio/projects/BlogManagement/blogmanagement/build/CMakeFiles/CMakeTmp/CheckSymbolExists.c: In function ‘main’:
/home/cassio/projects/BlogManagement/blogmanagement/build/CMakeFiles/CMakeTmp/CheckSymbolExists.c:8:19: error: ‘Q_WS_MAC’ undeclared (first use in this function)
   return ((int*)(&Q_WS_MAC))[argc];
                   ^
/home/cassio/projects/BlogManagement/blogmanagement/build/CMakeFiles/CMakeTmp/CheckSymbolExists.c:8:19: note: each undeclared identifier is reported only once for each function it appears in
make[1]: *** [CMakeFiles/cmTryCompileExec3926714065.dir/CheckSymbolExists.c.o] Error 1make[1]: Leaving directory `/home/cassio/projects/BlogManagement/blogmanagement/build/CMakeFiles/CMakeTmp'

make: *** [cmTryCompileExec3926714065/fast] Error 2

File /home/cassio/projects/BlogManagement/blogmanagement/build/CMakeFiles/CMakeTmp/CheckSymbolExists.c:
/* */
#include <QtCore/qglobal.h>

int main(int argc, char** argv)
{
  (void)argv;
#ifndef Q_WS_MAC
  return ((int*)(&Q_WS_MAC))[argc];
#else
  (void)argc;
  return 0;
#endif
}

Determining if the pthread_create exist failed with the following output:
Change Dir: /home/cassio/projects/BlogManagement/blogmanagement/build/CMakeFiles/CMakeTmp

Run Build Command:/usr/bin/make "cmTryCompileExec1605443/fast"
/usr/bin/make -f CMakeFiles/cmTryCompileExec1605443.dir/build.make CMakeFiles/cmTryCompileExec1605443.dir/build
make[1]: Entering directory `/home/cassio/projects/BlogManagement/blogmanagement/build/CMakeFiles/CMakeTmp'
/usr/bin/cmake -E cmake_progress_report /home/cassio/projects/BlogManagement/blogmanagement/build/CMakeFiles/CMakeTmp/CMakeFiles 1
Building C object CMakeFiles/cmTryCompileExec1605443.dir/CheckSymbolExists.c.o
/usr/bin/cc    -o CMakeFiles/cmTryCompileExec1605443.dir/CheckSymbolExists.c.o   -c /home/cassio/projects/BlogManagement/blogmanagement/build/CMakeFiles/CMakeTmp/CheckSymbolExists.c
Linking C executable cmTryCompileExec1605443
/usr/bin/cmake -E cmake_link_script CMakeFiles/cmTryCompileExec1605443.dir/link.txt --verbose=1
/usr/bin/cc       CMakeFiles/cmTryCompileExec1605443.dir/CheckSymbolExists.c.o  -o cmTryCompileExec1605443 -rdynamic 
CMakeFiles/cmTryCompileExec1605443.dir/CheckSymbolExists.c.o: In function `main':
CheckSymbolExists.c:(.text+0xa): undefined reference to `pthread_create'
collect2: error: ld returned 1 exit status
make[1]: *** [cmTryCompileExec1605443] Error 1
make[1]: Leaving directory `/home/cassio/projects/BlogManagement/blogmanagement/build/CMakeFiles/CMakeTmp'
make: *** [cmTryCompileExec1605443/fast] Error 2

File /home/cassio/projects/BlogManagement/blogmanagement/build/CMakeFiles/CMakeTmp/CheckSymbolExists.c:
/* */
#include <pthread.h>

int main(int argc, char** argv)
{
  (void)argv;
#ifndef pthread_create
  return ((int*)(&pthread_create))[argc];
#else
  (void)argc;
  return 0;
#endif
}

Determining if the function pthread_create exists in the pthreads failed with the following output:
Change Dir: /home/cassio/projects/BlogManagement/blogmanagement/build/CMakeFiles/CMakeTmp

Run Build Command:/usr/bin/make "cmTryCompileExec2461443847/fast"
/usr/bin/make -f CMakeFiles/cmTryCompileExec2461443847.dir/build.make CMakeFiles/cmTryCompileExec2461443847.dir/build
make[1]: Entering directory `/home/cassio/projects/BlogManagement/blogmanagement/build/CMakeFiles/CMakeTmp'
/usr/bin/cmake -E cmake_progress_report /home/cassio/projects/BlogManagement/blogmanagement/build/CMakeFiles/CMakeTmp/CMakeFiles 1
Building C object CMakeFiles/cmTryCompileExec2461443847.dir/CheckFunctionExists.c.o
/usr/bin/cc   -DCHECK_FUNCTION_EXISTS=pthread_create   -o CMakeFiles/cmTryCompileExec2461443847.dir/CheckFunctionExists.c.o   -c /usr/share/cmake-2.8/Modules/CheckFunctionExists.c
Linking C executable cmTryCompileExec2461443847
/usr/bin/cmake -E cmake_link_script CMakeFiles/cmTryCompileExec2461443847.dir/link.txt --verbose=1
/usr/bin/cc   -DCHECK_FUNCTION_EXISTS=pthread_create    CMakeFiles/cmTryCompileExec2461443847.dir/CheckFunctionExists.c.o  -o cmTryCompileExec2461443847 -rdynamic -lpthreads 
/usr/bin/ld: cannot find -lpthreads
collect2: error: ld returned 1 exit status
make[1]: Leaving directory `/home/cassio/projects/BlogManagement/blogmanagement/build/CMakeFiles/CMakeTmp'
make[1]: *** [cmTryCompileExec2461443847] Error 1
make: *** [cmTryCompileExec2461443847/fast] Error 2


Performing C++ SOURCE FILE Test _OFFT_IS_64BIT failed with the following output:
Change Dir: /home/cassio/projects/BlogManagement/blogmanagement/build/CMakeFiles/CMakeTmp

Run Build Command:/usr/bin/make "cmTryCompileExec1731980923/fast"
/usr/bin/make -f CMakeFiles/cmTryCompileExec1731980923.dir/build.make CMakeFiles/cmTryCompileExec1731980923.dir/build
make[1]: Entering directory `/home/cassio/projects/BlogManagement/blogmanagement/build/CMakeFiles/CMakeTmp'
/usr/bin/cmake -E cmake_progress_report /home/cassio/projects/BlogManagement/blogmanagement/build/CMakeFiles/CMakeTmp/CMakeFiles 1
Building CXX object CMakeFiles/cmTryCompileExec1731980923.dir/src.cxx.o
/usr/bin/c++    -D_OFFT_IS_64BIT   -o CMakeFiles/cmTryCompileExec1731980923.dir/src.cxx.o -c /home/cassio/projects/BlogManagement/blogmanagement/build/CMakeFiles/CMakeTmp/src.cxx
/home/cassio/projects/BlogManagement/blogmanagement/build/CMakeFiles/CMakeTmp/src.cxx:7:36: warning: left shift count >= width of type [enabled by default]
 #define LARGE_OFF_T (((off_t) 1 << 62) - 1 + ((off_t) 1 << 62))
                                    ^
/home/cassio/projects/BlogManagement/blogmanagement/build/CMakeFiles/CMakeTmp/src.cxx:9:23: note: in expansion of macro ‘LARGE_OFF_T’
   int off_t_is_large[(LARGE_OFF_T % 2147483629 == 721 && LARGE_OFF_T % 2147483647 == 1) ? 1 : -1];
                       ^
/home/cassio/projects/BlogManagement/blogmanagement/build/CMakeFiles/CMakeTmp/src.cxx:7:60: warning: left shift count >= width of type [enabled by default]
 #define LARGE_OFF_T (((off_t) 1 << 62) - 1 + ((off_t) 1 << 62))
                                                            ^
/home/cassio/projects/BlogManagement/blogmanagement/build/CMakeFiles/CMakeTmp/src.cxx:9:23: note: in expansion of macro ‘LARGE_OFF_T’
   int off_t_is_large[(LARGE_OFF_T % 2147483629 == 721 && LARGE_OFF_T % 2147483647 == 1) ? 1 : -1];
                       ^
/home/cassio/projects/BlogManagement/blogmanagement/build/CMakeFiles/CMakeTmp/src.cxx:9:97: error: size of array ‘off_t_is_large’ is negative
   int off_t_is_large[(LARGE_OFF_T % 2147483629 == 721 && LARGE_OFF_T % 2147483647 == 1) ? 1 : -1];
                                                                                                 ^
make[1]: *** [CMakeFiles/cmTryCompileExec1731980923.dir/src.cxx.o] Error 1
make[1]: Leaving directory `/home/cassio/projects/BlogManagement/blogmanagement/build/CMakeFiles/CMakeTmp'
make: *** [cmTryCompileExec1731980923/fast] Error 2

Source file was:

#include <sys/types.h>
 /* Check that off_t can represent 2**63 - 1 correctly.
    We can't simply define LARGE_OFF_T to be 9223372036854775807,
    since some C++ compilers masquerading as C compilers
    incorrectly reject 9223372036854775807.  */
#define LARGE_OFF_T (((off_t) 1 << 62) - 1 + ((off_t) 1 << 62))

  int off_t_is_large[(LARGE_OFF_T % 2147483629 == 721 && LARGE_OFF_T % 2147483647 == 1) ? 1 : -1];
  int main() { return 0; }

